#
# There is insufficient memory for the Java Runtime Environment to continue.
# Native memory allocation (malloc) failed to allocate 32744 bytes for ChunkPool::allocate
# Possible reasons:
#   The system is out of physical RAM or swap space
#   The process is running with CompressedOops enabled, and the Java Heap may be blocking the growth of the native heap
# Possible solutions:
#   Reduce memory load on the system
#   Increase physical memory or swap space
#   Check if swap backing store is full
#   Decrease Java heap size (-Xmx/-Xms)
#   Decrease number of Java threads
#   Decrease Java thread stack sizes (-Xss)
#   Set larger code cache with -XX:ReservedCodeCacheSize=
#   JVM is running with Unscaled Compressed Oops mode in which the Java heap is
#     placed in the first 4GB address space. The Java Heap base address is the
#     maximum limit for the native heap growth. Please use -XX:HeapBaseMinAddress
#     to set the Java Heap base and to place the Java Heap above 4GB virtual address.
# This output file may be truncated or incomplete.
#
#  Out of Memory Error (arena.cpp:78), pid=24884, tid=19136
#
# JRE version: OpenJDK Runtime Environment JBR-17.0.3+7-469.32-jcef (17.0.3+7) (build 17.0.3+7-b469.32)
# Java VM: OpenJDK 64-Bit Server VM JBR-17.0.3+7-469.32-jcef (17.0.3+7-b469.32, mixed mode, tiered, compressed oops, compressed class ptrs, g1 gc, windows-amd64)
# No core dump will be written. Minidumps are not enabled by default on client versions of Windows
#

---------------  S U M M A R Y ------------

Command Line: -Djava.rmi.server.hostname=127.0.0.1 -Duser.timezone=UTC -Xmx750m -Xms128m -XX:+IgnoreUnrecognizedVMOptions --add-opens=jdk.unsupported/sun.misc=ALL-UNNAMED --add-opens=java.base/java.nio=ALL-UNNAMED -Dfile.encoding=UTF-8 com.intellij.database.remote.RemoteJdbcServer com.mysql.cj.jdbc.Driver

Host: Intel(R) Pentium(R) CPU  J3710  @ 1.60GHz, 4 cores, 3G,  Windows 10 , 64 bit Build 19041 (10.0.19041.1889)
Time: Tue Aug 16 20:27:03 2022 Hora Padrão da Bahia elapsed time: 10.146187 seconds (0d 0h 0m 10s)

---------------  T H R E A D  ---------------

Current thread (0x00000186f200df50):  JavaThread "RMI TCP Connection(2)-127.0.0.1" daemon [_thread_in_vm, id=19136, stack(0x0000003590000000,0x0000003590100000)]

Stack: [0x0000003590000000,0x0000003590100000]
Native frames: (J=compiled Java code, j=interpreted, Vv=VM code, C=native code)
V  [jvm.dll+0x681f8a]
V  [jvm.dll+0x83e374]
V  [jvm.dll+0x83fb1e]
V  [jvm.dll+0x840183]
V  [jvm.dll+0x2492a5]
V  [jvm.dll+0xabf7c]
V  [jvm.dll+0xac32c]
V  [jvm.dll+0x761f15]
V  [jvm.dll+0x82d8f1]
V  [jvm.dll+0x83296c]
V  [jvm.dll+0x82bb0c]
V  [jvm.dll+0x374bc9]
V  [jvm.dll+0x41118e]
V  [jvm.dll+0x41c66e]
C  0x00000186ddd3d48c

Java frames: (J=compiled Java code, j=interpreted, Vv=VM code)
j  java.lang.Class.getDeclaredConstructors0(Z)[Ljava/lang/reflect/Constructor;+0 java.base@17.0.3
J 1353 c1 java.lang.Class.privateGetDeclaredConstructors(Z)[Ljava/lang/reflect/Constructor; java.base@17.0.3 (79 bytes) @ 0x00000186de529804 [0x00000186de529580+0x0000000000000284]
j  java.lang.Class.getConstructor0([Ljava/lang/Class;I)Ljava/lang/reflect/Constructor;+14 java.base@17.0.3
j  java.lang.Class.getConstructor([Ljava/lang/Class;)Ljava/lang/reflect/Constructor;+24 java.base@17.0.3
j  java.lang.reflect.Proxy$ProxyBuilder.build()Ljava/lang/reflect/Constructor;+59 java.base@17.0.3
j  java.lang.reflect.Proxy.lambda$getProxyConstructor$1(Ljava/lang/ClassLoader;Ljdk/internal/loader/AbstractClassLoaderValue$Sub;)Ljava/lang/reflect/Constructor;+15 java.base@17.0.3
j  java.lang.reflect.Proxy$$Lambda$48+0x00000001000fd9f0.apply(Ljava/lang/Object;Ljava/lang/Object;)Ljava/lang/Object;+8 java.base@17.0.3
j  jdk.internal.loader.AbstractClassLoaderValue$Memoizer.get()Ljava/lang/Object;+75 java.base@17.0.3
j  jdk.internal.loader.AbstractClassLoaderValue.computeIfAbsent(Ljava/lang/ClassLoader;Ljava/util/function/BiFunction;)Ljava/lang/Object;+63 java.base@17.0.3
j  java.lang.reflect.Proxy.getProxyConstructor(Ljava/lang/Class;Ljava/lang/ClassLoader;[Ljava/lang/Class;)Ljava/lang/reflect/Constructor;+85 java.base@17.0.3
j  java.lang.reflect.Proxy.newProxyInstance(Ljava/lang/ClassLoader;[Ljava/lang/Class;Ljava/lang/reflect/InvocationHandler;)Ljava/lang/Object;+22 java.base@17.0.3
j  sun.rmi.server.Util$1.run()Ljava/rmi/Remote;+12 java.rmi@17.0.3
j  sun.rmi.server.Util$1.run()Ljava/lang/Object;+1 java.rmi@17.0.3
J 972 c1 java.security.AccessController.doPrivileged(Ljava/security/PrivilegedAction;)Ljava/lang/Object; java.base@17.0.3 (9 bytes) @ 0x00000186de4769bc [0x00000186de476860+0x000000000000015c]
j  sun.rmi.server.Util.createProxy(Ljava/lang/Class;Ljava/rmi/server/RemoteRef;Z)Ljava/rmi/Remote;+85 java.rmi@17.0.3
j  sun.rmi.server.UnicastServerRef.exportObject(Ljava/rmi/Remote;Ljava/lang/Object;Z)Ljava/rmi/Remote;+16 java.rmi@17.0.3
j  java.rmi.server.UnicastRemoteObject.exportObject(Ljava/rmi/Remote;Lsun/rmi/server/UnicastServerRef;)Ljava/rmi/Remote;+19 java.rmi@17.0.3
j  java.rmi.server.UnicastRemoteObject.exportObject(Ljava/rmi/Remote;I)Ljava/rmi/Remote;+9 java.rmi@17.0.3
j  com.intellij.execution.rmi.RemoteObject.export(Ljava/rmi/Remote;)Ljava/rmi/Remote;+16
j  com.intellij.database.remote.jdbc.impl.RemoteStatementImpl.executeQuery(Ljava/lang/String;)Lcom/intellij/database/remote/jdbc/RemoteResultSet;+21
v  ~StubRoutines::call_stub
j  jdk.internal.reflect.NativeMethodAccessorImpl.invoke0(Ljava/lang/reflect/Method;Ljava/lang/Object;[Ljava/lang/Object;)Ljava/lang/Object;+0 java.base@17.0.3
j  jdk.internal.reflect.NativeMethodAccessorImpl.invoke(Ljava/lang/Object;[Ljava/lang/Object;)Ljava/lang/Object;+133 java.base@17.0.3
j  jdk.internal.reflect.DelegatingMethodAccessorImpl.invoke(Ljava/lang/Object;[Ljava/lang/Object;)Ljava/lang/Object;+6 java.base@17.0.3
j  java.lang.reflect.Method.invoke(Ljava/lang/Object;[Ljava/lang/Object;)Ljava/lang/Object;+59 java.base@17.0.3
j  sun.rmi.server.UnicastServerRef.dispatch(Ljava/rmi/Remote;Ljava/rmi/server/RemoteCall;)V+264 java.rmi@17.0.3
j  sun.rmi.transport.Transport$1.run()Ljava/lang/Void;+23 java.rmi@17.0.3
j  sun.rmi.transport.Transport$1.run()Ljava/lang/Object;+1 java.rmi@17.0.3
j  java.security.AccessController.executePrivileged(Ljava/security/PrivilegedExceptionAction;Ljava/security/AccessControlContext;Ljava/lang/Class;)Ljava/lang/Object;+29 java.base@17.0.3
j  java.security.AccessController.doPrivileged(Ljava/security/PrivilegedExceptionAction;Ljava/security/AccessControlContext;)Ljava/lang/Object;+13 java.base@17.0.3
j  sun.rmi.transport.Transport.serviceCall(Ljava/rmi/server/RemoteCall;)Z+157 java.rmi@17.0.3
j  sun.rmi.transport.tcp.TCPTransport.handleMessages(Lsun/rmi/transport/Connection;Z)V+145 java.rmi@17.0.3
j  sun.rmi.transport.tcp.TCPTransport$ConnectionHandler.run0()V+522 java.rmi@17.0.3
j  sun.rmi.transport.tcp.TCPTransport$ConnectionHandler.lambda$run$0()Ljava/lang/Void;+1 java.rmi@17.0.3
j  sun.rmi.transport.tcp.TCPTransport$ConnectionHandler$$Lambda$55+0x00000001000d88d0.run()Ljava/lang/Object;+4 java.rmi@17.0.3
j  java.security.AccessController.executePrivileged(Ljava/security/PrivilegedAction;Ljava/security/AccessControlContext;Ljava/lang/Class;)Ljava/lang/Object;+29 java.base@17.0.3
j  java.security.AccessController.doPrivileged(Ljava/security/PrivilegedAction;Ljava/security/AccessControlContext;)Ljava/lang/Object;+13 java.base@17.0.3
j  sun.rmi.transport.tcp.TCPTransport$ConnectionHandler.run()V+37 java.rmi@17.0.3
j  java.util.concurrent.ThreadPoolExecutor.runWorker(Ljava/util/concurrent/ThreadPoolExecutor$Worker;)V+92 java.base@17.0.3
j  java.util.concurrent.ThreadPoolExecutor$Worker.run()V+5 java.base@17.0.3
j  java.lang.Thread.run()V+11 java.base@17.0.3
v  ~StubRoutines::call_stub

---------------  P R O C E S S  ---------------

Threads class SMR info:
_java_thread_list=0x00000186f297f980, length=20, elements={
0x00000186d8df0250, 0x00000186f1552880, 0x00000186f15536f0, 0x00000186f158b8f0,
0x00000186f200c490, 0x00000186f2010aa0, 0x00000186f2010f70, 0x00000186f1592c80,
0x00000186f159b590, 0x00000186f2027fd0, 0x00000186f20105d0, 0x00000186f200da80,
0x00000186f200e420, 0x00000186f200edc0, 0x00000186f200d5b0, 0x00000186f200f760,
0x00000186f200fc30, 0x00000186f2010100, 0x00000186f200df50, 0x00000186f200f290
}

Java Threads: ( => current thread )
  0x00000186d8df0250 JavaThread "main" [_thread_blocked, id=14728, stack(0x000000358e700000,0x000000358e800000)]
  0x00000186f1552880 JavaThread "Reference Handler" daemon [_thread_blocked, id=26040, stack(0x000000358ee00000,0x000000358ef00000)]
  0x00000186f15536f0 JavaThread "Finalizer" daemon [_thread_blocked, id=25296, stack(0x000000358ef00000,0x000000358f000000)]
  0x00000186f158b8f0 JavaThread "Signal Dispatcher" daemon [_thread_blocked, id=24624, stack(0x000000358f000000,0x000000358f100000)]
  0x00000186f200c490 JavaThread "Attach Listener" daemon [_thread_blocked, id=24788, stack(0x000000358f100000,0x000000358f200000)]
  0x00000186f2010aa0 JavaThread "Service Thread" daemon [_thread_blocked, id=25784, stack(0x000000358f200000,0x000000358f300000)]
  0x00000186f2010f70 JavaThread "Monitor Deflation Thread" daemon [_thread_blocked, id=24792, stack(0x000000358f300000,0x000000358f400000)]
  0x00000186f1592c80 JavaThread "C2 CompilerThread0" daemon [_thread_in_native, id=25404, stack(0x000000358f400000,0x000000358f500000)]
  0x00000186f159b590 JavaThread "C1 CompilerThread0" daemon [_thread_blocked, id=26196, stack(0x000000358f500000,0x000000358f600000)]
  0x00000186f2027fd0 JavaThread "Sweeper thread" daemon [_thread_blocked, id=20708, stack(0x000000358f600000,0x000000358f700000)]
  0x00000186f20105d0 JavaThread "Common-Cleaner" daemon [_thread_blocked, id=25872, stack(0x000000358f700000,0x000000358f800000)]
  0x00000186f200da80 JavaThread "Notification Thread" daemon [_thread_blocked, id=25964, stack(0x000000358f800000,0x000000358f900000)]
  0x00000186f200e420 JavaThread "mysql-cj-abandoned-connection-cleanup" daemon [_thread_blocked, id=25836, stack(0x000000358fa00000,0x000000358fb00000)]
  0x00000186f200edc0 JavaThread "RMI TCP Accept-57389" daemon [_thread_in_native, id=23896, stack(0x000000358fb00000,0x000000358fc00000)]
  0x00000186f200d5b0 JavaThread "RMI TCP Accept-0" daemon [_thread_in_native, id=23164, stack(0x000000358fc00000,0x000000358fd00000)]
  0x00000186f200f760 JavaThread "RMI Reaper" [_thread_blocked, id=25812, stack(0x000000358fd00000,0x000000358fe00000)]
  0x00000186f200fc30 JavaThread "RMI GC Daemon" daemon [_thread_blocked, id=25276, stack(0x000000358fe00000,0x000000358ff00000)]
  0x00000186f2010100 JavaThread "RMI TCP Connection(1)-127.0.0.1" daemon [_thread_in_native, id=14576, stack(0x000000358ff00000,0x0000003590000000)]
=>0x00000186f200df50 JavaThread "RMI TCP Connection(2)-127.0.0.1" daemon [_thread_in_vm, id=19136, stack(0x0000003590000000,0x0000003590100000)]
  0x00000186f200f290 JavaThread "RMI Scheduler(0)" daemon [_thread_blocked, id=25680, stack(0x0000003590100000,0x0000003590200000)]

Other Threads:
  0x00000186f154db60 VMThread "VM Thread" [stack: 0x000000358ed00000,0x000000358ee00000] [id=22164]
  0x00000186f2197a60 WatcherThread [stack: 0x000000358f900000,0x000000358fa00000] [id=26208]
  0x00000186d8e253a0 GCTaskThread "GC Thread#0" [stack: 0x000000358e800000,0x000000358e900000] [id=23540]
  0x00000186f2a37ae0 GCTaskThread "GC Thread#1" [stack: 0x0000003590200000,0x0000003590300000] [id=25712]
  0x00000186f2a5b030 GCTaskThread "GC Thread#2" [stack: 0x0000003590300000,0x0000003590400000] [id=25832]
  0x00000186f2a5b2e0 GCTaskThread "GC Thread#3" [stack: 0x0000003590400000,0x0000003590500000] [id=25376]
  0x00000186d8e2c840 ConcurrentGCThread "G1 Main Marker" [stack: 0x000000358e900000,0x000000358ea00000] [id=25168]
  0x00000186d8e2d250 ConcurrentGCThread "G1 Conc#0" [stack: 0x000000358ea00000,0x000000358eb00000] [id=24640]
  0x00000186d8ea37d0 ConcurrentGCThread "G1 Refine#0" [stack: 0x000000358eb00000,0x000000358ec00000] [id=23244]
  0x00000186f2a6e080 ConcurrentGCThread "G1 Refine#1" [stack: 0x0000003590500000,0x0000003590600000] [id=20012]
  0x00000186d8ea41f0 ConcurrentGCThread "G1 Service" [stack: 0x000000358ec00000,0x000000358ed00000] [id=24908]

Threads with active compile tasks:
C2 CompilerThread0    10287 1541       4       jdk.internal.org.objectweb.asm.Frame::execute (2305 bytes)

VM state: not at safepoint (normal execution)

VM Mutex/Monitor currently owned by a thread: None

Heap address: 0x00000000d1200000, size: 750 MB, Compressed Oops mode: 32-bit

CDS archive(s) not mapped
Compressed class space mapped at: 0x0000000100000000-0x0000000140000000, reserved size: 1073741824
Narrow klass base: 0x0000000000000000, Narrow klass shift: 3, Narrow klass range: 0x140000000

GC Precious Log:
 CPUs: 4 total, 4 available
 Memory: 3923M
 Large Page Support: Disabled
 NUMA Support: Disabled
 Compressed Oops: Enabled (32-bit)
 Heap Region Size: 1M
 Heap Min Capacity: 128M
 Heap Initial Capacity: 128M
 Heap Max Capacity: 750M
 Pre-touch: Disabled
 Parallel Workers: 4
 Concurrent Workers: 1
 Concurrent Refinement Workers: 4
 Periodic GC: Disabled

Heap:
 garbage-first heap   total 131072K, used 8209K [0x00000000d1200000, 0x0000000100000000)
  region size 1024K, 4 young (4096K), 1 survivors (1024K)
 Metaspace       used 21530K, committed 21760K, reserved 1073152K
  class space    used 2262K, committed 2368K, reserved 1048576K

Heap Regions: E=young(eden), S=young(survivor), O=old, HS=humongous(starts), HC=humongous(continues), CS=collection set, F=free, OA=open archive, CA=closed archive, TAMS=top-at-mark-start (previous, next)
|   0|0x00000000d1200000, 0x00000000d1300000, 0x00000000d1300000|100%| O|  |TAMS 0x00000000d1300000, 0x00000000d1200000| Untracked 
|   1|0x00000000d1300000, 0x00000000d1400000, 0x00000000d1400000|100%| O|  |TAMS 0x00000000d1400000, 0x00000000d1300000| Untracked 
|   2|0x00000000d1400000, 0x00000000d1500000, 0x00000000d1500000|100%| O|  |TAMS 0x00000000d1500000, 0x00000000d1400000| Untracked 
|   3|0x00000000d1500000, 0x00000000d1600000, 0x00000000d1600000|100%| O|  |TAMS 0x00000000d15a9600, 0x00000000d1500000| Untracked 
|   4|0x00000000d1600000, 0x00000000d1700000, 0x00000000d1700000|100%| O|  |TAMS 0x00000000d1600000, 0x00000000d1600000| Untracked 
|   5|0x00000000d1700000, 0x00000000d1773800, 0x00000000d1800000| 45%| O|  |TAMS 0x00000000d1700000, 0x00000000d1700000| Untracked 
|   6|0x00000000d1800000, 0x00000000d1800000, 0x00000000d1900000|  0%| F|  |TAMS 0x00000000d1800000, 0x00000000d1800000| Untracked 
|   7|0x00000000d1900000, 0x00000000d1900000, 0x00000000d1a00000|  0%| F|  |TAMS 0x00000000d1900000, 0x00000000d1900000| Untracked 
|   8|0x00000000d1a00000, 0x00000000d1a00000, 0x00000000d1b00000|  0%| F|  |TAMS 0x00000000d1a00000, 0x00000000d1a00000| Untracked 
|   9|0x00000000d1b00000, 0x00000000d1b00000, 0x00000000d1c00000|  0%| F|  |TAMS 0x00000000d1b00000, 0x00000000d1b00000| Untracked 
|  10|0x00000000d1c00000, 0x00000000d1c00000, 0x00000000d1d00000|  0%| F|  |TAMS 0x00000000d1c00000, 0x00000000d1c00000| Untracked 
|  11|0x00000000d1d00000, 0x00000000d1d00000, 0x00000000d1e00000|  0%| F|  |TAMS 0x00000000d1d00000, 0x00000000d1d00000| Untracked 
|  12|0x00000000d1e00000, 0x00000000d1e00000, 0x00000000d1f00000|  0%| F|  |TAMS 0x00000000d1e00000, 0x00000000d1e00000| Untracked 
|  13|0x00000000d1f00000, 0x00000000d1f00000, 0x00000000d2000000|  0%| F|  |TAMS 0x00000000d1f00000, 0x00000000d1f00000| Untracked 
|  14|0x00000000d2000000, 0x00000000d2000000, 0x00000000d2100000|  0%| F|  |TAMS 0x00000000d2000000, 0x00000000d2000000| Untracked 
|  15|0x00000000d2100000, 0x00000000d2100000, 0x00000000d2200000|  0%| F|  |TAMS 0x00000000d2100000, 0x00000000d2100000| Untracked 
|  16|0x00000000d2200000, 0x00000000d2200000, 0x00000000d2300000|  0%| F|  |TAMS 0x00000000d2200000, 0x00000000d2200000| Untracked 
|  17|0x00000000d2300000, 0x00000000d2300000, 0x00000000d2400000|  0%| F|  |TAMS 0x00000000d2300000, 0x00000000d2300000| Untracked 
|  18|0x00000000d2400000, 0x00000000d2400000, 0x00000000d2500000|  0%| F|  |TAMS 0x00000000d2400000, 0x00000000d2400000| Untracked 
|  19|0x00000000d2500000, 0x00000000d2500000, 0x00000000d2600000|  0%| F|  |TAMS 0x00000000d2500000, 0x00000000d2500000| Untracked 
|  20|0x00000000d2600000, 0x00000000d2600000, 0x00000000d2700000|  0%| F|  |TAMS 0x00000000d2600000, 0x00000000d2600000| Untracked 
|  21|0x00000000d2700000, 0x00000000d2700000, 0x00000000d2800000|  0%| F|  |TAMS 0x00000000d2700000, 0x00000000d2700000| Untracked 
|  22|0x00000000d2800000, 0x00000000d2800000, 0x00000000d2900000|  0%| F|  |TAMS 0x00000000d2800000, 0x00000000d2800000| Untracked 
|  23|0x00000000d2900000, 0x00000000d2900000, 0x00000000d2a00000|  0%| F|  |TAMS 0x00000000d2900000, 0x00000000d2900000| Untracked 
|  24|0x00000000d2a00000, 0x00000000d2a00000, 0x00000000d2b00000|  0%| F|  |TAMS 0x00000000d2a00000, 0x00000000d2a00000| Untracked 
|  25|0x00000000d2b00000, 0x00000000d2b00000, 0x00000000d2c00000|  0%| F|  |TAMS 0x00000000d2b00000, 0x00000000d2b00000| Untracked 
|  26|0x00000000d2c00000, 0x00000000d2c00000, 0x00000000d2d00000|  0%| F|  |TAMS 0x00000000d2c00000, 0x00000000d2c00000| Untracked 
|  27|0x00000000d2d00000, 0x00000000d2d00000, 0x00000000d2e00000|  0%| F|  |TAMS 0x00000000d2d00000, 0x00000000d2d00000| Untracked 
|  28|0x00000000d2e00000, 0x00000000d2e00000, 0x00000000d2f00000|  0%| F|  |TAMS 0x00000000d2e00000, 0x00000000d2e00000| Untracked 
|  29|0x00000000d2f00000, 0x00000000d2f00000, 0x00000000d3000000|  0%| F|  |TAMS 0x00000000d2f00000, 0x00000000d2f00000| Untracked 
|  30|0x00000000d3000000, 0x00000000d3000000, 0x00000000d3100000|  0%| F|  |TAMS 0x00000000d3000000, 0x00000000d3000000| Untracked 
|  31|0x00000000d3100000, 0x00000000d3100000, 0x00000000d3200000|  0%| F|  |TAMS 0x00000000d3100000, 0x00000000d3100000| Untracked 
|  32|0x00000000d3200000, 0x00000000d3200000, 0x00000000d3300000|  0%| F|  |TAMS 0x00000000d3200000, 0x00000000d3200000| Untracked 
|  33|0x00000000d3300000, 0x00000000d3300000, 0x00000000d3400000|  0%| F|  |TAMS 0x00000000d3300000, 0x00000000d3300000| Untracked 
|  34|0x00000000d3400000, 0x00000000d3400000, 0x00000000d3500000|  0%| F|  |TAMS 0x00000000d3400000, 0x00000000d3400000| Untracked 
|  35|0x00000000d3500000, 0x00000000d3500000, 0x00000000d3600000|  0%| F|  |TAMS 0x00000000d3500000, 0x00000000d3500000| Untracked 
|  36|0x00000000d3600000, 0x00000000d3600000, 0x00000000d3700000|  0%| F|  |TAMS 0x00000000d3600000, 0x00000000d3600000| Untracked 
|  37|0x00000000d3700000, 0x00000000d3700000, 0x00000000d3800000|  0%| F|  |TAMS 0x00000000d3700000, 0x00000000d3700000| Untracked 
|  38|0x00000000d3800000, 0x00000000d3800000, 0x00000000d3900000|  0%| F|  |TAMS 0x00000000d3800000, 0x00000000d3800000| Untracked 
|  39|0x00000000d3900000, 0x00000000d3900000, 0x00000000d3a00000|  0%| F|  |TAMS 0x00000000d3900000, 0x00000000d3900000| Untracked 
|  40|0x00000000d3a00000, 0x00000000d3a00000, 0x00000000d3b00000|  0%| F|  |TAMS 0x00000000d3a00000, 0x00000000d3a00000| Untracked 
|  41|0x00000000d3b00000, 0x00000000d3b00000, 0x00000000d3c00000|  0%| F|  |TAMS 0x00000000d3b00000, 0x00000000d3b00000| Untracked 
|  42|0x00000000d3c00000, 0x00000000d3c00000, 0x00000000d3d00000|  0%| F|  |TAMS 0x00000000d3c00000, 0x00000000d3c00000| Untracked 
|  43|0x00000000d3d00000, 0x00000000d3d00000, 0x00000000d3e00000|  0%| F|  |TAMS 0x00000000d3d00000, 0x00000000d3d00000| Untracked 
|  44|0x00000000d3e00000, 0x00000000d3e00000, 0x00000000d3f00000|  0%| F|  |TAMS 0x00000000d3e00000, 0x00000000d3e00000| Untracked 
|  45|0x00000000d3f00000, 0x00000000d3f00000, 0x00000000d4000000|  0%| F|  |TAMS 0x00000000d3f00000, 0x00000000d3f00000| Untracked 
|  46|0x00000000d4000000, 0x00000000d4000000, 0x00000000d4100000|  0%| F|  |TAMS 0x00000000d4000000, 0x00000000d4000000| Untracked 
|  47|0x00000000d4100000, 0x00000000d4100000, 0x00000000d4200000|  0%| F|  |TAMS 0x00000000d4100000, 0x00000000d4100000| Untracked 
|  48|0x00000000d4200000, 0x00000000d4200000, 0x00000000d4300000|  0%| F|  |TAMS 0x00000000d4200000, 0x00000000d4200000| Untracked 
|  49|0x00000000d4300000, 0x00000000d4300000, 0x00000000d4400000|  0%| F|  |TAMS 0x00000000d4300000, 0x00000000d4300000| Untracked 
|  50|0x00000000d4400000, 0x00000000d4400000, 0x00000000d4500000|  0%| F|  |TAMS 0x00000000d4400000, 0x00000000d4400000| Untracked 
|  51|0x00000000d4500000, 0x00000000d4500000, 0x00000000d4600000|  0%| F|  |TAMS 0x00000000d4500000, 0x00000000d4500000| Untracked 
|  52|0x00000000d4600000, 0x00000000d4600000, 0x00000000d4700000|  0%| F|  |TAMS 0x00000000d4600000, 0x00000000d4600000| Untracked 
|  53|0x00000000d4700000, 0x00000000d4700000, 0x00000000d4800000|  0%| F|  |TAMS 0x00000000d4700000, 0x00000000d4700000| Untracked 
|  54|0x00000000d4800000, 0x00000000d4800000, 0x00000000d4900000|  0%| F|  |TAMS 0x00000000d4800000, 0x00000000d4800000| Untracked 
|  55|0x00000000d4900000, 0x00000000d4900000, 0x00000000d4a00000|  0%| F|  |TAMS 0x00000000d4900000, 0x00000000d4900000| Untracked 
|  56|0x00000000d4a00000, 0x00000000d4a00000, 0x00000000d4b00000|  0%| F|  |TAMS 0x00000000d4a00000, 0x00000000d4a00000| Untracked 
|  57|0x00000000d4b00000, 0x00000000d4b00000, 0x00000000d4c00000|  0%| F|  |TAMS 0x00000000d4b00000, 0x00000000d4b00000| Untracked 
|  58|0x00000000d4c00000, 0x00000000d4c00000, 0x00000000d4d00000|  0%| F|  |TAMS 0x00000000d4c00000, 0x00000000d4c00000| Untracked 
|  59|0x00000000d4d00000, 0x00000000d4d00000, 0x00000000d4e00000|  0%| F|  |TAMS 0x00000000d4d00000, 0x00000000d4d00000| Untracked 
|  60|0x00000000d4e00000, 0x00000000d4e00000, 0x00000000d4f00000|  0%| F|  |TAMS 0x00000000d4e00000, 0x00000000d4e00000| Untracked 
|  61|0x00000000d4f00000, 0x00000000d4f00000, 0x00000000d5000000|  0%| F|  |TAMS 0x00000000d4f00000, 0x00000000d4f00000| Untracked 
|  62|0x00000000d5000000, 0x00000000d5000000, 0x00000000d5100000|  0%| F|  |TAMS 0x00000000d5000000, 0x00000000d5000000| Untracked 
|  63|0x00000000d5100000, 0x00000000d5100000, 0x00000000d5200000|  0%| F|  |TAMS 0x00000000d5100000, 0x00000000d5100000| Untracked 
|  64|0x00000000d5200000, 0x00000000d5200000, 0x00000000d5300000|  0%| F|  |TAMS 0x00000000d5200000, 0x00000000d5200000| Untracked 
|  65|0x00000000d5300000, 0x00000000d5300000, 0x00000000d5400000|  0%| F|  |TAMS 0x00000000d5300000, 0x00000000d5300000| Untracked 
|  66|0x00000000d5400000, 0x00000000d5400000, 0x00000000d5500000|  0%| F|  |TAMS 0x00000000d5400000, 0x00000000d5400000| Untracked 
|  67|0x00000000d5500000, 0x00000000d5500000, 0x00000000d5600000|  0%| F|  |TAMS 0x00000000d5500000, 0x00000000d5500000| Untracked 
|  68|0x00000000d5600000, 0x00000000d5600000, 0x00000000d5700000|  0%| F|  |TAMS 0x00000000d5600000, 0x00000000d5600000| Untracked 
|  69|0x00000000d5700000, 0x00000000d5700000, 0x00000000d5800000|  0%| F|  |TAMS 0x00000000d5700000, 0x00000000d5700000| Untracked 
|  70|0x00000000d5800000, 0x00000000d5800000, 0x00000000d5900000|  0%| F|  |TAMS 0x00000000d5800000, 0x00000000d5800000| Untracked 
|  71|0x00000000d5900000, 0x00000000d5900000, 0x00000000d5a00000|  0%| F|  |TAMS 0x00000000d5900000, 0x00000000d5900000| Untracked 
|  72|0x00000000d5a00000, 0x00000000d5a00000, 0x00000000d5b00000|  0%| F|  |TAMS 0x00000000d5a00000, 0x00000000d5a00000| Untracked 
|  73|0x00000000d5b00000, 0x00000000d5b00000, 0x00000000d5c00000|  0%| F|  |TAMS 0x00000000d5b00000, 0x00000000d5b00000| Untracked 
|  74|0x00000000d5c00000, 0x00000000d5c00000, 0x00000000d5d00000|  0%| F|  |TAMS 0x00000000d5c00000, 0x00000000d5c00000| Untracked 
|  75|0x00000000d5d00000, 0x00000000d5d00000, 0x00000000d5e00000|  0%| F|  |TAMS 0x00000000d5d00000, 0x00000000d5d00000| Untracked 
|  76|0x00000000d5e00000, 0x00000000d5e00000, 0x00000000d5f00000|  0%| F|  |TAMS 0x00000000d5e00000, 0x00000000d5e00000| Untracked 
|  77|0x00000000d5f00000, 0x00000000d5f00000, 0x00000000d6000000|  0%| F|  |TAMS 0x00000000d5f00000, 0x00000000d5f00000| Untracked 
|  78|0x00000000d6000000, 0x00000000d6000000, 0x00000000d6100000|  0%| F|  |TAMS 0x00000000d6000000, 0x00000000d6000000| Untracked 
|  79|0x00000000d6100000, 0x00000000d6100000, 0x00000000d6200000|  0%| F|  |TAMS 0x00000000d6100000, 0x00000000d6100000| Untracked 
|  80|0x00000000d6200000, 0x00000000d6200000, 0x00000000d6300000|  0%| F|  |TAMS 0x00000000d6200000, 0x00000000d6200000| Untracked 
|  81|0x00000000d6300000, 0x00000000d6300000, 0x00000000d6400000|  0%| F|  |TAMS 0x00000000d6300000, 0x00000000d6300000| Untracked 
|  82|0x00000000d6400000, 0x00000000d6400000, 0x00000000d6500000|  0%| F|  |TAMS 0x00000000d6400000, 0x00000000d6400000| Untracked 
|  83|0x00000000d6500000, 0x00000000d6500000, 0x00000000d6600000|  0%| F|  |TAMS 0x00000000d6500000, 0x00000000d6500000| Untracked 
|  84|0x00000000d6600000, 0x00000000d6600000, 0x00000000d6700000|  0%| F|  |TAMS 0x00000000d6600000, 0x00000000d6600000| Untracked 
|  85|0x00000000d6700000, 0x00000000d6700000, 0x00000000d6800000|  0%| F|  |TAMS 0x00000000d6700000, 0x00000000d6700000| Untracked 
|  86|0x00000000d6800000, 0x00000000d6800000, 0x00000000d6900000|  0%| F|  |TAMS 0x00000000d6800000, 0x00000000d6800000| Untracked 
|  87|0x00000000d6900000, 0x00000000d6900000, 0x00000000d6a00000|  0%| F|  |TAMS 0x00000000d6900000, 0x00000000d6900000| Untracked 
|  88|0x00000000d6a00000, 0x00000000d6a00000, 0x00000000d6b00000|  0%| F|  |TAMS 0x00000000d6a00000, 0x00000000d6a00000| Untracked 
|  89|0x00000000d6b00000, 0x00000000d6b00000, 0x00000000d6c00000|  0%| F|  |TAMS 0x00000000d6b00000, 0x00000000d6b00000| Untracked 
|  90|0x00000000d6c00000, 0x00000000d6c00000, 0x00000000d6d00000|  0%| F|  |TAMS 0x00000000d6c00000, 0x00000000d6c00000| Untracked 
|  91|0x00000000d6d00000, 0x00000000d6d00000, 0x00000000d6e00000|  0%| F|  |TAMS 0x00000000d6d00000, 0x00000000d6d00000| Untracked 
|  92|0x00000000d6e00000, 0x00000000d6e00000, 0x00000000d6f00000|  0%| F|  |TAMS 0x00000000d6e00000, 0x00000000d6e00000| Untracked 
|  93|0x00000000d6f00000, 0x00000000d6f00000, 0x00000000d7000000|  0%| F|  |TAMS 0x00000000d6f00000, 0x00000000d6f00000| Untracked 
|  94|0x00000000d7000000, 0x00000000d7000000, 0x00000000d7100000|  0%| F|  |TAMS 0x00000000d7000000, 0x00000000d7000000| Untracked 
|  95|0x00000000d7100000, 0x00000000d7100000, 0x00000000d7200000|  0%| F|  |TAMS 0x00000000d7100000, 0x00000000d7100000| Untracked 
|  96|0x00000000d7200000, 0x00000000d7200000, 0x00000000d7300000|  0%| F|  |TAMS 0x00000000d7200000, 0x00000000d7200000| Untracked 
|  97|0x00000000d7300000, 0x00000000d7300000, 0x00000000d7400000|  0%| F|  |TAMS 0x00000000d7300000, 0x00000000d7300000| Untracked 
|  98|0x00000000d7400000, 0x00000000d7400000, 0x00000000d7500000|  0%| F|  |TAMS 0x00000000d7400000, 0x00000000d7400000| Untracked 
|  99|0x00000000d7500000, 0x00000000d7500000, 0x00000000d7600000|  0%| F|  |TAMS 0x00000000d7500000, 0x00000000d7500000| Untracked 
| 100|0x00000000d7600000, 0x00000000d7600000, 0x00000000d7700000|  0%| F|  |TAMS 0x00000000d7600000, 0x00000000d7600000| Untracked 
| 101|0x00000000d7700000, 0x00000000d7700000, 0x00000000d7800000|  0%| F|  |TAMS 0x00000000d7700000, 0x00000000d7700000| Untracked 
| 102|0x00000000d7800000, 0x00000000d7800000, 0x00000000d7900000|  0%| F|  |TAMS 0x00000000d7800000, 0x00000000d7800000| Untracked 
| 103|0x00000000d7900000, 0x00000000d7900000, 0x00000000d7a00000|  0%| F|  |TAMS 0x00000000d7900000, 0x00000000d7900000| Untracked 
| 104|0x00000000d7a00000, 0x00000000d7a00000, 0x00000000d7b00000|  0%| F|  |TAMS 0x00000000d7a00000, 0x00000000d7a00000| Untracked 
| 105|0x00000000d7b00000, 0x00000000d7b00000, 0x00000000d7c00000|  0%| F|  |TAMS 0x00000000d7b00000, 0x00000000d7b00000| Untracked 
| 106|0x00000000d7c00000, 0x00000000d7c00000, 0x00000000d7d00000|  0%| F|  |TAMS 0x00000000d7c00000, 0x00000000d7c00000| Untracked 
| 107|0x00000000d7d00000, 0x00000000d7d00000, 0x00000000d7e00000|  0%| F|  |TAMS 0x00000000d7d00000, 0x00000000d7d00000| Untracked 
| 108|0x00000000d7e00000, 0x00000000d7e00000, 0x00000000d7f00000|  0%| F|  |TAMS 0x00000000d7e00000, 0x00000000d7e00000| Untracked 
| 109|0x00000000d7f00000, 0x00000000d7f00000, 0x00000000d8000000|  0%| F|  |TAMS 0x00000000d7f00000, 0x00000000d7f00000| Untracked 
| 110|0x00000000d8000000, 0x00000000d8000000, 0x00000000d8100000|  0%| F|  |TAMS 0x00000000d8000000, 0x00000000d8000000| Untracked 
| 111|0x00000000d8100000, 0x00000000d8100000, 0x00000000d8200000|  0%| F|  |TAMS 0x00000000d8100000, 0x00000000d8100000| Untracked 
| 112|0x00000000d8200000, 0x00000000d8200000, 0x00000000d8300000|  0%| F|  |TAMS 0x00000000d8200000, 0x00000000d8200000| Untracked 
| 113|0x00000000d8300000, 0x00000000d8300000, 0x00000000d8400000|  0%| F|  |TAMS 0x00000000d8300000, 0x00000000d8300000| Untracked 
| 114|0x00000000d8400000, 0x00000000d8400000, 0x00000000d8500000|  0%| F|  |TAMS 0x00000000d8400000, 0x00000000d8400000| Untracked 
| 115|0x00000000d8500000, 0x00000000d8500000, 0x00000000d8600000|  0%| F|  |TAMS 0x00000000d8500000, 0x00000000d8500000| Untracked 
| 116|0x00000000d8600000, 0x00000000d8600000, 0x00000000d8700000|  0%| F|  |TAMS 0x00000000d8600000, 0x00000000d8600000| Untracked 
| 117|0x00000000d8700000, 0x00000000d8700000, 0x00000000d8800000|  0%| F|  |TAMS 0x00000000d8700000, 0x00000000d8700000| Untracked 
| 118|0x00000000d8800000, 0x00000000d8800000, 0x00000000d8900000|  0%| F|  |TAMS 0x00000000d8800000, 0x00000000d8800000| Untracked 
| 119|0x00000000d8900000, 0x00000000d8900000, 0x00000000d8a00000|  0%| F|  |TAMS 0x00000000d8900000, 0x00000000d8900000| Untracked 
| 120|0x00000000d8a00000, 0x00000000d8a00000, 0x00000000d8b00000|  0%| F|  |TAMS 0x00000000d8a00000, 0x00000000d8a00000| Untracked 
| 121|0x00000000d8b00000, 0x00000000d8b00000, 0x00000000d8c00000|  0%| F|  |TAMS 0x00000000d8b00000, 0x00000000d8b00000| Untracked 
| 122|0x00000000d8c00000, 0x00000000d8c00000, 0x00000000d8d00000|  0%| F|  |TAMS 0x00000000d8c00000, 0x00000000d8c00000| Untracked 
| 123|0x00000000d8d00000, 0x00000000d8d00000, 0x00000000d8e00000|  0%| F|  |TAMS 0x00000000d8d00000, 0x00000000d8d00000| Untracked 
| 124|0x00000000d8e00000, 0x00000000d8e90f00, 0x00000000d8f00000| 56%| S|CS|TAMS 0x00000000d8e00000, 0x00000000d8e00000| Complete 
| 125|0x00000000d8f00000, 0x00000000d8f84010, 0x00000000d9000000| 51%| E|  |TAMS 0x00000000d8f00000, 0x00000000d8f00000| Complete 
| 126|0x00000000d9000000, 0x00000000d9100000, 0x00000000d9100000|100%| E|CS|TAMS 0x00000000d9000000, 0x00000000d9000000| Complete 
| 127|0x00000000d9100000, 0x00000000d9200000, 0x00000000d9200000|100%| E|CS|TAMS 0x00000000d9100000, 0x00000000d9100000| Complete 

Card table byte_map: [0x00000186ed4e0000,0x00000186ed660000] _byte_map_base: 0x00000186ece57000

Marking Bits (Prev, Next): (CMBitMap*) 0x00000186d8e259f0, (CMBitMap*) 0x00000186d8e259b0
 Prev Bits: [0x00000186ee3a0000, 0x00000186eef58000)
 Next Bits: [0x00000186ed7e0000, 0x00000186ee398000)

Polling page: 0x00000186d8be0000

Metaspace:

Usage:
  Non-class:     18.82 MB used.
      Class:      2.21 MB used.
       Both:     21.03 MB used.

Virtual space:
  Non-class space:       24.00 MB reserved,      18.94 MB ( 79%) committed,  3 nodes.
      Class space:        1.00 GB reserved,       2.31 MB ( <1%) committed,  1 nodes.
             Both:        1.02 GB reserved,      21.25 MB (  2%) committed. 

Chunk freelists:
   Non-Class:  432.00 KB
       Class:  1.64 MB
        Both:  2.06 MB

MaxMetaspaceSize: unlimited
CompressedClassSpaceSize: 1.00 GB
Initial GC threshold: 21.00 MB
Current GC threshold: 35.12 MB
CDS: off
MetaspaceReclaimPolicy: balanced
 - commit_granule_bytes: 65536.
 - commit_granule_words: 8192.
 - virtual_space_node_default_size: 1048576.
 - enlarge_chunks_in_place: 1.
 - new_chunks_are_fully_committed: 0.
 - uncommit_free_chunks: 1.
 - use_allocation_guard: 0.
 - handle_deallocations: 1.


Internal statistics:

num_allocs_failed_limit: 3.
num_arena_births: 204.
num_arena_deaths: 0.
num_vsnodes_births: 4.
num_vsnodes_deaths: 0.
num_space_committed: 340.
num_space_uncommitted: 0.
num_chunks_returned_to_freelist: 3.
num_chunks_taken_from_freelist: 474.
num_chunk_merges: 3.
num_chunk_splits: 291.
num_chunks_enlarged: 176.
num_purges: 0.
num_inconsistent_stats: 0.

CodeHeap 'non-profiled nmethods': size=120000Kb used=511Kb max_used=511Kb free=119488Kb
 bounds [0x00000186e5800000, 0x00000186e5a70000, 0x00000186ecd30000]
CodeHeap 'profiled nmethods': size=120000Kb used=3241Kb max_used=3241Kb free=116758Kb
 bounds [0x00000186de2d0000, 0x00000186de600000, 0x00000186e5800000]
CodeHeap 'non-nmethods': size=5760Kb used=1225Kb max_used=1244Kb free=4534Kb
 bounds [0x00000186ddd30000, 0x00000186ddfa0000, 0x00000186de2d0000]
 total_blobs=2213 nmethods=1681 adapters=446
 compilation: enabled
              stopped_count=0, restarted_count=0
 full_count=0

Compilation events (20 events):
Event: 10.079 Thread 0x00000186f159b590 1685       3       java.lang.System$2::join (11 bytes)
Event: 10.084 Thread 0x00000186f159b590 nmethod 1685 0x00000186de5f0a10 code [0x00000186de5f0d60, 0x00000186de5f2268]
Event: 10.084 Thread 0x00000186f159b590 1686       3       java.lang.reflect.ProxyGenerator$ProxyMethod::<init> (44 bytes)
Event: 10.085 Thread 0x00000186f159b590 nmethod 1686 0x00000186de5f2d10 code [0x00000186de5f2ec0, 0x00000186de5f32b8]
Event: 10.085 Thread 0x00000186f159b590 1687       3       java.lang.reflect.ProxyGenerator::addProxyMethod (190 bytes)
Event: 10.089 Thread 0x00000186f159b590 nmethod 1687 0x00000186de5f3390 code [0x00000186de5f3720, 0x00000186de5f4f08]
Event: 10.089 Thread 0x00000186f159b590 1688       3       java.lang.reflect.ProxyGenerator$$Lambda$53/0x00000001000ff3a8::apply (8 bytes)
Event: 10.090 Thread 0x00000186f159b590 nmethod 1688 0x00000186de5f5790 code [0x00000186de5f5940, 0x00000186de5f5c28]
Event: 10.090 Thread 0x00000186f159b590 1692       3       java.lang.reflect.ProxyGenerator::computeUniqueCatchList (163 bytes)
Event: 10.094 Thread 0x00000186f159b590 nmethod 1692 0x00000186de5f5d10 code [0x00000186de5f6060, 0x00000186de5f75f8]
Event: 10.094 Thread 0x00000186f159b590 1691       3       java.lang.reflect.ProxyGenerator::typeNames (61 bytes)
Event: 10.095 Thread 0x00000186f159b590 nmethod 1691 0x00000186de5f7f10 code [0x00000186de5f8140, 0x00000186de5f8a68]
Event: 10.096 Thread 0x00000186f159b590 1693       3       jdk.internal.org.objectweb.asm.SymbolTable::addUninitializedType (103 bytes)
Event: 10.097 Thread 0x00000186f159b590 nmethod 1693 0x00000186de5f8d10 code [0x00000186de5f8f20, 0x00000186de5f94d8]
Event: 10.097 Thread 0x00000186f159b590 1695       3       jdk.internal.org.objectweb.asm.MethodWriter::addSuccessorToCurrentBasicBlock (24 bytes)
Event: 10.098 Thread 0x00000186f159b590 nmethod 1695 0x00000186de5f9790 code [0x00000186de5f9940, 0x00000186de5f9c98]
Event: 10.098 Thread 0x00000186f159b590 1694       3       jdk.internal.org.objectweb.asm.SymbolTable::hash (12 bytes)
Event: 10.099 Thread 0x00000186f159b590 nmethod 1694 0x00000186de5f9e10 code [0x00000186de5f9fa0, 0x00000186de5fa0e8]
Event: 10.099 Thread 0x00000186f159b590 1689       3       java.lang.reflect.ProxyGenerator::lambda$addProxyMethod$0 (9 bytes)
Event: 10.099 Thread 0x00000186f159b590 nmethod 1689 0x00000186de5fa210 code [0x00000186de5fa3c0, 0x00000186de5fa548]

GC Heap History (6 events):
Event: 3.615 GC heap before
{Heap before GC invocations=0 (full 0):
 garbage-first heap   total 131072K, used 12288K [0x00000000d1200000, 0x0000000100000000)
  region size 1024K, 13 young (13312K), 0 survivors (0K)
 Metaspace       used 13670K, committed 13888K, reserved 1064960K
  class space    used 1384K, committed 1472K, reserved 1048576K
}
Event: 3.666 GC heap after
{Heap after GC invocations=1 (full 0):
 garbage-first heap   total 131072K, used 3561K [0x00000000d1200000, 0x0000000100000000)
  region size 1024K, 2 young (2048K), 2 survivors (2048K)
 Metaspace       used 13670K, committed 13888K, reserved 1064960K
  class space    used 1384K, committed 1472K, reserved 1048576K
}
Event: 8.538 GC heap before
{Heap before GC invocations=1 (full 0):
 garbage-first heap   total 131072K, used 13801K [0x00000000d1200000, 0x0000000100000000)
  region size 1024K, 12 young (12288K), 2 survivors (2048K)
 Metaspace       used 20715K, committed 20992K, reserved 1073152K
  class space    used 2204K, committed 2368K, reserved 1048576K
}
Event: 8.552 GC heap after
{Heap after GC invocations=2 (full 0):
 garbage-first heap   total 131072K, used 5681K [0x00000000d1200000, 0x0000000100000000)
  region size 1024K, 2 young (2048K), 2 survivors (2048K)
 Metaspace       used 20715K, committed 20992K, reserved 1073152K
  class space    used 2204K, committed 2368K, reserved 1048576K
}
Event: 9.626 GC heap before
{Heap before GC invocations=2 (full 0):
 garbage-first heap   total 131072K, used 7729K [0x00000000d1200000, 0x0000000100000000)
  region size 1024K, 5 young (5120K), 2 survivors (2048K)
 Metaspace       used 21276K, committed 21504K, reserved 1073152K
  class space    used 2250K, committed 2368K, reserved 1048576K
}
Event: 9.638 GC heap after
{Heap after GC invocations=3 (full 0):
 garbage-first heap   total 131072K, used 6161K [0x00000000d1200000, 0x0000000100000000)
  region size 1024K, 1 young (1024K), 1 survivors (1024K)
 Metaspace       used 21276K, committed 21504K, reserved 1073152K
  class space    used 2250K, committed 2368K, reserved 1048576K
}

Deoptimization events (20 events):
Event: 8.295 Thread 0x00000186f200df50 Uncommon trap: trap_request=0xffffffc6 fr.pc=0x00000186e5866bb8 relative=0x00000000000003d8
Event: 8.295 Thread 0x00000186f200df50 Uncommon trap: reason=bimorphic_or_optimized_type_check action=maybe_recompile pc=0x00000186e5866bb8 method=java.util.regex.Pattern$SliceI.match(Ljava/util/regex/Matcher;ILjava/lang/CharSequence;)Z @ 92 c2
Event: 8.295 Thread 0x00000186f200df50 DEOPT PACKING pc=0x00000186e5866bb8 sp=0x00000035900fd940
Event: 8.295 Thread 0x00000186f200df50 DEOPT UNPACKING pc=0x00000186ddd8239d sp=0x00000035900fd8e8 mode 2
Event: 8.536 Thread 0x00000186f200df50 DEOPT PACKING pc=0x00000186de52c592 sp=0x00000035900fc570
Event: 8.536 Thread 0x00000186f200df50 DEOPT UNPACKING pc=0x00000186ddd82b24 sp=0x00000035900fba80 mode 0
Event: 8.574 Thread 0x00000186f200df50 DEOPT PACKING pc=0x00000186de52c592 sp=0x00000035900fc530
Event: 8.574 Thread 0x00000186f200df50 DEOPT UNPACKING pc=0x00000186ddd82b24 sp=0x00000035900fba40 mode 0
Event: 8.646 Thread 0x00000186f200df50 Uncommon trap: trap_request=0xffffff45 fr.pc=0x00000186e5833970 relative=0x0000000000000550
Event: 8.646 Thread 0x00000186f200df50 Uncommon trap: reason=unstable_if action=reinterpret pc=0x00000186e5833970 method=java.lang.AbstractStringBuilder.append(Ljava/lang/String;)Ljava/lang/AbstractStringBuilder; @ 1 c2
Event: 8.646 Thread 0x00000186f200df50 DEOPT PACKING pc=0x00000186e5833970 sp=0x00000035900fdb70
Event: 8.646 Thread 0x00000186f200df50 DEOPT UNPACKING pc=0x00000186ddd8239d sp=0x00000035900fdb00 mode 2
Event: 9.411 Thread 0x00000186f200df50 Uncommon trap: trap_request=0xffffff45 fr.pc=0x00000186e586c0f4 relative=0x0000000000000234
Event: 9.411 Thread 0x00000186f200df50 Uncommon trap: reason=unstable_if action=reinterpret pc=0x00000186e586c0f4 method=java.util.regex.Matcher.reset()Ljava/util/regex/Matcher; @ 71 c2
Event: 9.411 Thread 0x00000186f200df50 DEOPT PACKING pc=0x00000186e586c0f4 sp=0x00000035900fd9d0
Event: 9.411 Thread 0x00000186f200df50 DEOPT UNPACKING pc=0x00000186ddd8239d sp=0x00000035900fd958 mode 2
Event: 10.028 Thread 0x00000186f200df50 Uncommon trap: trap_request=0xffffff45 fr.pc=0x00000186e5873ae0 relative=0x0000000000000540
Event: 10.028 Thread 0x00000186f200df50 Uncommon trap: reason=unstable_if action=reinterpret pc=0x00000186e5873ae0 method=java.lang.AbstractStringBuilder.append(Ljava/lang/String;)Ljava/lang/AbstractStringBuilder; @ 1 c2
Event: 10.029 Thread 0x00000186f200df50 DEOPT PACKING pc=0x00000186e5873ae0 sp=0x00000035900fda90
Event: 10.029 Thread 0x00000186f200df50 DEOPT UNPACKING pc=0x00000186ddd8239d sp=0x00000035900fda68 mode 2

Classes unloaded (0 events):
No events

Classes redefined (0 events):
No events

Internal exceptions (17 events):
Event: 1.171 Thread 0x00000186d8df0250 Exception <a 'java/lang/NoSuchMethodError'{0x00000000d8fdeb38}: 'java.lang.Object java.lang.invoke.DirectMethodHandle$Holder.invokeStaticInit(java.lang.Object)'> (0x00000000d8fdeb38) 
thrown [s\src\hotspot\share\interpreter\linkResolver.cpp, line 778]
Event: 1.382 Thread 0x00000186d8df0250 Exception <a 'java/lang/NoSuchMethodError'{0x00000000d8eb18f0}: 'java.lang.Object java.lang.invoke.DirectMethodHandle$Holder.invokeStaticInit(java.lang.Object, int, int, int, int)'> (0x00000000d8eb18f0) 
thrown [s\src\hotspot\share\interpreter\linkResolver.cpp, line 778]
Event: 1.745 Thread 0x00000186d8df0250 Exception <a 'java/lang/NoSuchMethodError'{0x00000000d8d03608}: 'java.lang.Object java.lang.invoke.DirectMethodHandle$Holder.invokeStaticInit(java.lang.Object, java.lang.Object, int, int, int, int)'> (0x00000000d8d03608) 
thrown [s\src\hotspot\share\interpreter\linkResolver.cpp, line 778]
Event: 1.884 Thread 0x00000186d8df0250 Exception <a 'java/lang/NoSuchMethodError'{0x00000000d8d3cd48}: 'void java.lang.invoke.DirectMethodHandle$Holder.invokeStatic(java.lang.Object, java.lang.Object)'> (0x00000000d8d3cd48) 
thrown [s\src\hotspot\share\interpreter\linkResolver.cpp, line 778]
Event: 2.280 Thread 0x00000186d8df0250 Exception <a 'java/lang/NoSuchMethodError'{0x00000000d8b50d28}: 'java.lang.Object java.lang.invoke.Invokers$Holder.linkToTargetMethod(java.lang.Object, long, java.lang.Object)'> (0x00000000d8b50d28) 
thrown [s\src\hotspot\share\interpreter\linkResolver.cpp, line 778]
Event: 2.555 Thread 0x00000186f200df50 Exception <a 'java/lang/NoSuchMethodError'{0x00000000d8a65698}: static [B.<clinit>()V> (0x00000000d8a65698) 
thrown [s\src\hotspot\share\prims\jni.cpp, line 1108]
Event: 3.154 Thread 0x00000186f200df50 Exception <a 'java/lang/NoSuchMethodError'{0x00000000d88fe410}: 'java.lang.Object java.lang.invoke.DirectMethodHandle$Holder.invokeInterface(java.lang.Object, java.lang.Object)'> (0x00000000d88fe410) 
thrown [s\src\hotspot\share\interpreter\linkResolver.cpp, line 778]
Event: 3.264 Thread 0x00000186f200df50 Exception <a 'java/lang/NoSuchMethodError'{0x00000000d8778dd8}: 'void java.lang.invoke.DirectMethodHandle$Holder.invokeSpecial(java.lang.Object, java.lang.Object, java.lang.Object)'> (0x00000000d8778dd8) 
thrown [s\src\hotspot\share\interpreter\linkResolver.cpp, line 778]
Event: 3.268 Thread 0x00000186f200df50 Exception <a 'java/lang/NoSuchMethodError'{0x00000000d877f7f0}: 'void java.lang.invoke.DirectMethodHandle$Holder.invokeStatic(java.lang.Object, java.lang.Object, java.lang.Object)'> (0x00000000d877f7f0) 
thrown [s\src\hotspot\share\interpreter\linkResolver.cpp, line 778]
Event: 3.277 Thread 0x00000186f200df50 Exception <a 'java/lang/NoSuchMethodError'{0x00000000d8789e30}: 'java.lang.Object java.lang.invoke.DirectMethodHandle$Holder.invokeVirtual(java.lang.Object, java.lang.Object, java.lang.Object)'> (0x00000000d8789e30) 
thrown [s\src\hotspot\share\interpreter\linkResolver.cpp, line 778]
Event: 5.307 Thread 0x00000186f200df50 Exception <a 'java/lang/NoSuchMethodError'{0x00000000d90cc5d8}: 'void java.lang.invoke.DirectMethodHandle$Holder.invokeStaticInit(java.lang.Object, java.lang.Object)'> (0x00000000d90cc5d8) 
thrown [s\src\hotspot\share\interpreter\linkResolver.cpp, line 778]
Event: 5.772 Thread 0x00000186f200df50 Exception <a 'sun/nio/fs/WindowsException'{0x00000000d8e7a090}> (0x00000000d8e7a090) 
thrown [s\src\hotspot\share\prims\jni.cpp, line 517]
Event: 5.854 Thread 0x00000186f200df50 Exception <a 'java/lang/NoSuchMethodError'{0x00000000d8e9e5a0}: 'int java.lang.invoke.DirectMethodHandle$Holder.invokeStaticInit(java.lang.Object, java.lang.Object, java.lang.Object, java.lang.Object)'> (0x00000000d8e9e5a0) 
thrown [s\src\hotspot\share\interpreter\linkResolver.cpp, line 778]
Event: 5.861 Thread 0x00000186f200df50 Exception <a 'java/lang/IncompatibleClassChangeError'{0x00000000d8ea7aa8}: Found class java.lang.Object, but interface was expected> (0x00000000d8ea7aa8) 
thrown [s\src\hotspot\share\interpreter\linkResolver.cpp, line 845]
Event: 5.867 Thread 0x00000186f200df50 Exception <a 'java/lang/NoSuchMethodError'{0x00000000d8ead3c8}: 'int java.lang.invoke.DirectMethodHandle$Holder.invokeStaticInit(java.lang.Object, java.lang.Object)'> (0x00000000d8ead3c8) 
thrown [s\src\hotspot\share\interpreter\linkResolver.cpp, line 778]
Event: 8.646 Thread 0x00000186f200df50 Implicit null exception at 0x00000186e5833455 to 0x00000186e583395c
Event: 10.028 Thread 0x00000186f200df50 Implicit null exception at 0x00000186e58735d2 to 0x00000186e5873acc

VM Operations (20 events):
Event: 3.612 Executing VM operation: G1CollectForAllocation
Event: 3.666 Executing VM operation: G1CollectForAllocation done
Event: 5.667 Executing VM operation: Cleanup
Event: 5.668 Executing VM operation: Cleanup done
Event: 5.818 Executing VM operation: HandshakeAllThreads
Event: 5.818 Executing VM operation: HandshakeAllThreads done
Event: 6.817 Executing VM operation: Cleanup
Event: 6.818 Executing VM operation: Cleanup done
Event: 7.795 Executing VM operation: HandshakeAllThreads
Event: 7.795 Executing VM operation: HandshakeAllThreads done
Event: 8.538 Executing VM operation: G1CollectForAllocation
Event: 8.552 Executing VM operation: G1CollectForAllocation done
Event: 9.553 Executing VM operation: Cleanup
Event: 9.554 Executing VM operation: Cleanup done
Event: 9.626 Executing VM operation: CollectForMetadataAllocation
Event: 9.639 Executing VM operation: CollectForMetadataAllocation done
Event: 9.658 Executing VM operation: G1Concurrent
Event: 9.663 Executing VM operation: G1Concurrent done
Event: 9.671 Executing VM operation: G1Concurrent
Event: 9.671 Executing VM operation: G1Concurrent done

Events (20 events):
Event: 8.610 loading class sun/util/resources/Bundles$BundleReference
Event: 8.610 loading class sun/util/resources/Bundles$CacheKeyReference
Event: 8.610 loading class sun/util/resources/Bundles$CacheKeyReference done
Event: 8.610 loading class sun/util/resources/Bundles$BundleReference done
Event: 8.611 loading class sun/util/locale/provider/LocaleResources$ResourceReference
Event: 8.611 loading class sun/util/locale/provider/LocaleResources$ResourceReference done
Event: 8.628 loading class java/time/format/DateTimeParseException
Event: 8.630 loading class java/time/DateTimeException
Event: 8.630 loading class java/time/DateTimeException done
Event: 8.630 loading class java/time/format/DateTimeParseException done
Event: 9.512 loading class jdk/internal/reflect/UnsafeQualifiedStaticObjectFieldAccessorImpl
Event: 9.514 loading class jdk/internal/reflect/UnsafeQualifiedStaticObjectFieldAccessorImpl done
Event: 9.516 loading class java/util/stream/IntStream
Event: 9.518 loading class java/util/stream/IntStream done
Event: 9.518 loading class java/nio/charset/CharacterCodingException
Event: 9.519 loading class java/nio/charset/CharacterCodingException done
Event: 9.799 loading class java/util/AbstractList$ListItr
Event: 9.800 loading class java/util/AbstractList$ListItr done
Event: 9.966 loading class java/util/function/UnaryOperator
Event: 9.966 loading class java/util/function/UnaryOperator done


Dynamic libraries:
0x00007ff608370000 - 0x00007ff60837a000 	C:\Program Files\JetBrains\IntelliJ IDEA 2022.2\jbr\bin\java.exe
0x00007ff99ce50000 - 0x00007ff99d048000 	C:\Windows\SYSTEM32\ntdll.dll
0x00007ff99c0e0000 - 0x00007ff99c19d000 	C:\Windows\System32\KERNEL32.DLL
0x00007ff99a810000 - 0x00007ff99aade000 	C:\Windows\System32\KERNELBASE.dll
0x00007ff99a5a0000 - 0x00007ff99a6a0000 	C:\Windows\System32\ucrtbase.dll
0x00007ff978550000 - 0x00007ff97856b000 	C:\Program Files\JetBrains\IntelliJ IDEA 2022.2\jbr\bin\VCRUNTIME140.dll
0x00007ff978500000 - 0x00007ff978517000 	C:\Program Files\JetBrains\IntelliJ IDEA 2022.2\jbr\bin\jli.dll
0x00007ff99c350000 - 0x00007ff99c4f0000 	C:\Windows\System32\USER32.dll
0x00007ff99a570000 - 0x00007ff99a592000 	C:\Windows\System32\win32u.dll
0x00007ff99aeb0000 - 0x00007ff99aeda000 	C:\Windows\System32\GDI32.dll
0x00007ff9845f0000 - 0x00007ff98488a000 	C:\Windows\WinSxS\amd64_microsoft.windows.common-controls_6595b64144ccf1df_6.0.19041.1110_none_60b5254171f9507e\COMCTL32.dll
0x00007ff99b260000 - 0x00007ff99b2fe000 	C:\Windows\System32\msvcrt.dll
0x00007ff99ab80000 - 0x00007ff99ac8b000 	C:\Windows\System32\gdi32full.dll
0x00007ff99aae0000 - 0x00007ff99ab7d000 	C:\Windows\System32\msvcp_win.dll
0x00007ff99aee0000 - 0x00007ff99af10000 	C:\Windows\System32\IMM32.DLL
0x00007ff991610000 - 0x00007ff99161c000 	C:\Program Files\JetBrains\IntelliJ IDEA 2022.2\jbr\bin\vcruntime140_1.dll
0x00007ff972e30000 - 0x00007ff972ebd000 	C:\Program Files\JetBrains\IntelliJ IDEA 2022.2\jbr\bin\msvcp140.dll
0x00007ff9424c0000 - 0x00007ff943128000 	C:\Program Files\JetBrains\IntelliJ IDEA 2022.2\jbr\bin\server\jvm.dll
0x00007ff99c510000 - 0x00007ff99c5be000 	C:\Windows\System32\ADVAPI32.dll
0x00007ff99c620000 - 0x00007ff99c6bc000 	C:\Windows\System32\sechost.dll
0x00007ff99b040000 - 0x00007ff99b165000 	C:\Windows\System32\RPCRT4.dll
0x00007ff99bf70000 - 0x00007ff99bf78000 	C:\Windows\System32\PSAPI.DLL
0x00007ff98a340000 - 0x00007ff98a349000 	C:\Windows\SYSTEM32\WSOCK32.dll
0x00007ff989ac0000 - 0x00007ff989ae7000 	C:\Windows\SYSTEM32\WINMM.dll
0x00007ff99be10000 - 0x00007ff99be7b000 	C:\Windows\System32\WS2_32.dll
0x00007ff98cb20000 - 0x00007ff98cb2a000 	C:\Windows\SYSTEM32\VERSION.dll
0x00007ff998430000 - 0x00007ff998442000 	C:\Windows\SYSTEM32\kernel.appcore.dll
0x00007ff991ac0000 - 0x00007ff991aca000 	C:\Program Files\JetBrains\IntelliJ IDEA 2022.2\jbr\bin\jimage.dll
0x00007ff994460000 - 0x00007ff994644000 	C:\Windows\SYSTEM32\DBGHELP.DLL
0x00007ff98bcc0000 - 0x00007ff98bcec000 	C:\Windows\SYSTEM32\dbgcore.DLL
0x00007ff99ac90000 - 0x00007ff99ad12000 	C:\Windows\System32\bcryptPrimitives.dll
0x00007ff991950000 - 0x00007ff991975000 	C:\Program Files\JetBrains\IntelliJ IDEA 2022.2\jbr\bin\java.dll
0x00007ff97d530000 - 0x00007ff97d548000 	C:\Program Files\JetBrains\IntelliJ IDEA 2022.2\jbr\bin\zip.dll
0x00007ff99c6c0000 - 0x00007ff99ce04000 	C:\Windows\System32\SHELL32.dll
0x00007ff998630000 - 0x00007ff998dc4000 	C:\Windows\SYSTEM32\windows.storage.dll
0x00007ff99b550000 - 0x00007ff99b8a4000 	C:\Windows\System32\combase.dll
0x00007ff999f00000 - 0x00007ff999f30000 	C:\Windows\SYSTEM32\Wldp.dll
0x00007ff99c030000 - 0x00007ff99c0dd000 	C:\Windows\System32\SHCORE.dll
0x00007ff99b200000 - 0x00007ff99b255000 	C:\Windows\System32\shlwapi.dll
0x00007ff99a4b0000 - 0x00007ff99a4cf000 	C:\Windows\SYSTEM32\profapi.dll
0x00007ff977770000 - 0x00007ff977789000 	C:\Program Files\JetBrains\IntelliJ IDEA 2022.2\jbr\bin\net.dll
0x00007ff98e940000 - 0x00007ff98ea4a000 	C:\Windows\SYSTEM32\WINHTTP.dll
0x00007ff999c10000 - 0x00007ff999c7a000 	C:\Windows\system32\mswsock.dll
0x00007ff977750000 - 0x00007ff977766000 	C:\Program Files\JetBrains\IntelliJ IDEA 2022.2\jbr\bin\nio.dll
0x00007ff999920000 - 0x00007ff99995b000 	C:\Windows\SYSTEM32\IPHLPAPI.DLL
0x00007ff99b170000 - 0x00007ff99b178000 	C:\Windows\System32\NSI.dll
0x00007ff98e130000 - 0x00007ff98e147000 	C:\Windows\SYSTEM32\dhcpcsvc6.DLL
0x00007ff98e490000 - 0x00007ff98e4ad000 	C:\Windows\SYSTEM32\dhcpcsvc.DLL
0x00007ff999960000 - 0x00007ff999a2a000 	C:\Windows\SYSTEM32\DNSAPI.dll
0x00007ff999e40000 - 0x00007ff999e58000 	C:\Windows\SYSTEM32\CRYPTSP.dll
0x00007ff9995a0000 - 0x00007ff9995d4000 	C:\Windows\system32\rsaenh.dll
0x00007ff99ae80000 - 0x00007ff99aea7000 	C:\Windows\System32\bcrypt.dll
0x00007ff99a470000 - 0x00007ff99a49e000 	C:\Windows\SYSTEM32\USERENV.dll
0x00007ff999e30000 - 0x00007ff999e3c000 	C:\Windows\SYSTEM32\CRYPTBASE.dll
0x00007ff995fa0000 - 0x00007ff995fa7000 	C:\Program Files\JetBrains\IntelliJ IDEA 2022.2\jbr\bin\rmi.dll
0x00007ff991880000 - 0x00007ff991890000 	C:\Program Files\JetBrains\IntelliJ IDEA 2022.2\jbr\bin\verify.dll
0x00007ff98bcb0000 - 0x00007ff98bcba000 	C:\Windows\System32\rasadhlp.dll
0x00007ff98cc40000 - 0x00007ff98ccc0000 	C:\Windows\System32\fwpuclnt.dll
0x00007ff9774a0000 - 0x00007ff9774ad000 	C:\Program Files\JetBrains\IntelliJ IDEA 2022.2\jbr\bin\sunmscapi.dll
0x00007ff99ad20000 - 0x00007ff99ae76000 	C:\Windows\System32\CRYPT32.dll
0x00007ff999f70000 - 0x00007ff999f97000 	C:\Windows\SYSTEM32\ncrypt.dll
0x00007ff999f30000 - 0x00007ff999f6b000 	C:\Windows\SYSTEM32\NTASN1.dll

dbghelp: loaded successfully - version: 4.0.5 - missing functions: none
symbol engine: initialized successfully - sym options: 0x614 - pdb path: .;C:\Program Files\JetBrains\IntelliJ IDEA 2022.2\jbr\bin;C:\Windows\SYSTEM32;C:\Windows\WinSxS\amd64_microsoft.windows.common-controls_6595b64144ccf1df_6.0.19041.1110_none_60b5254171f9507e;C:\Program Files\JetBrains\IntelliJ IDEA 2022.2\jbr\bin\server

VM Arguments:
jvm_args: -Djava.rmi.server.hostname=127.0.0.1 -Duser.timezone=UTC -Xmx750m -Xms128m -XX:+IgnoreUnrecognizedVMOptions --add-opens=jdk.unsupported/sun.misc=ALL-UNNAMED --add-opens=java.base/java.nio=ALL-UNNAMED -Dfile.encoding=UTF-8 
java_command: com.intellij.database.remote.RemoteJdbcServer com.mysql.cj.jdbc.Driver
java_class_path (initial): C:\Program Files\JetBrains\IntelliJ IDEA 2022.2\lib\util_rt.jar;C:\Program Files\JetBrains\IntelliJ IDEA 2022.2\lib\util.jar;C:\Program Files\JetBrains\IntelliJ IDEA 2022.2\lib\groovy.jar;C:\Program Files\JetBrains\IntelliJ IDEA 2022.2\plugins\DatabaseTools\lib\jdbc-console.jar;C:\Users\renan\AppData\Roaming\JetBrains\IntelliJIdea2022.2\jdbc-drivers\MySQL ConnectorJ\8.0.25\mysql-connector-java-8.0.25.jar
Launcher Type: SUN_STANDARD

[Global flags]
     intx CICompilerCount                          = 3                                         {product} {ergonomic}
     uint ConcGCThreads                            = 1                                         {product} {ergonomic}
     uint G1ConcRefinementThreads                  = 4                                         {product} {ergonomic}
   size_t G1HeapRegionSize                         = 1048576                                   {product} {ergonomic}
    uintx GCDrainStackTargetSize                   = 64                                        {product} {ergonomic}
     bool IgnoreUnrecognizedVMOptions              = true                                      {product} {command line}
   size_t InitialHeapSize                          = 134217728                                 {product} {command line}
   size_t MarkStackSize                            = 4194304                                   {product} {ergonomic}
   size_t MaxHeapSize                              = 786432000                                 {product} {command line}
   size_t MaxNewSize                               = 471859200                                 {product} {ergonomic}
   size_t MinHeapDeltaBytes                        = 1048576                                   {product} {ergonomic}
   size_t MinHeapSize                              = 134217728                                 {product} {command line}
    uintx NonNMethodCodeHeapSize                   = 5832780                                {pd product} {ergonomic}
    uintx NonProfiledCodeHeapSize                  = 122912730                              {pd product} {ergonomic}
    uintx ProfiledCodeHeapSize                     = 122912730                              {pd product} {ergonomic}
    uintx ReservedCodeCacheSize                    = 251658240                              {pd product} {ergonomic}
     bool SegmentedCodeCache                       = true                                      {product} {ergonomic}
   size_t SoftMaxHeapSize                          = 786432000                              {manageable} {ergonomic}
     bool UseCompressedClassPointers               = true                           {product lp64_product} {ergonomic}
     bool UseCompressedOops                        = true                           {product lp64_product} {ergonomic}
     bool UseG1GC                                  = true                                      {product} {ergonomic}
     bool UseLargePagesIndividualAllocation        = false                                  {pd product} {ergonomic}

Logging:
Log output configuration:
 #0: stdout all=warning uptime,level,tags
 #1: stderr all=off uptime,level,tags

Environment Variables:
PATH=C:\Program Files\Eclipse Adoptium\jdk-17.0.3.7-hotspot\bin;C:\Program Files (x86)\Common Files\Oracle\Java\javapath;C:\Windows\system32;C:\Windows;C:\Windows\System32\Wbem;C:\Windows\System32\WindowsPowerShell\v1.0\;C:\Windows\System32\OpenSSH\;C:\Program Files\Docker\Docker\resources\bin;C:\ProgramData\DockerDesktop\version-bin;C:\Users\renan\AppData\Local\Microsoft\WindowsApps
USERNAME=renan
OS=Windows_NT
PROCESSOR_IDENTIFIER=Intel64 Family 6 Model 76 Stepping 4, GenuineIntel



---------------  S Y S T E M  ---------------

OS:
 Windows 10 , 64 bit Build 19041 (10.0.19041.1889)
OS uptime: 0 days 3:06 hours
Hyper-V role detected

CPU: total 4 (initial active 4) (4 cores per cpu, 1 threads per core) family 6 model 76 stepping 4 microcode 0x411, cx8, cmov, fxsr, mmx, 3dnowpref, sse, sse2, sse3, ssse3, sse4.1, sse4.2, popcnt, tsc, tscinvbit, aes, erms, clmul, clflush, hv

Memory: 4k page, system-wide physical 3923M (26M free)
TotalPageFile size 11225M (AvailPageFile size 14M)
current process WorkingSet (physical memory assigned to process): 102M, peak: 104M
current process commit charge ("private bytes"): 236M, peak: 237M

vm_info: OpenJDK 64-Bit Server VM (17.0.3+7-b469.32) for windows-amd64 JRE (17.0.3+7-b469.32), built on 2022-07-19 by "builduser" with MS VC++ 16.10 / 16.11 (VS2019)

END.
