#
# There is insufficient memory for the Java Runtime Environment to continue.
# Native memory allocation (mmap) failed to map 134217728 bytes for G1 virtual space
# Possible reasons:
#   The system is out of physical RAM or swap space
#   The process is running with CompressedOops enabled, and the Java Heap may be blocking the growth of the native heap
# Possible solutions:
#   Reduce memory load on the system
#   Increase physical memory or swap space
#   Check if swap backing store is full
#   Decrease Java heap size (-Xmx/-Xms)
#   Decrease number of Java threads
#   Decrease Java thread stack sizes (-Xss)
#   Set larger code cache with -XX:ReservedCodeCacheSize=
#   JVM is running with Unscaled Compressed Oops mode in which the Java heap is
#     placed in the first 4GB address space. The Java Heap base address is the
#     maximum limit for the native heap growth. Please use -XX:HeapBaseMinAddress
#     to set the Java Heap base and to place the Java Heap above 4GB virtual address.
# This output file may be truncated or incomplete.
#
#  Out of Memory Error (os_windows.cpp:3747), pid=25772, tid=25592
#
# JRE version:  (17.0.3+7) (build )
# Java VM: OpenJDK 64-Bit Server VM (17.0.3+7-b469.32, mixed mode, sharing, tiered, compressed oops, compressed class ptrs, g1 gc, windows-amd64)
# No core dump will be written. Minidumps are not enabled by default on client versions of Windows
#

---------------  S U M M A R Y ------------

Command Line: -Djava.rmi.server.hostname=127.0.0.1 -Duser.timezone=UTC -Xmx750m -Xms128m -XX:+IgnoreUnrecognizedVMOptions --add-opens=jdk.unsupported/sun.misc=ALL-UNNAMED --add-opens=java.base/java.nio=ALL-UNNAMED -Dfile.encoding=UTF-8 com.intellij.database.remote.RemoteJdbcServer com.mysql.cj.jdbc.Driver

Host: Intel(R) Pentium(R) CPU  J3710  @ 1.60GHz, 4 cores, 3G,  Windows 10 , 64 bit Build 19041 (10.0.19041.1889)
Time: Tue Aug 16 20:26:26 2022 Hora Padrão da Bahia elapsed time: 0.172199 seconds (0d 0h 0m 0s)

---------------  T H R E A D  ---------------

Current thread (0x0000018c1356c940):  JavaThread "Unknown thread" [_thread_in_vm, id=25592, stack(0x000000061fb00000,0x000000061fc00000)]

Stack: [0x000000061fb00000,0x000000061fc00000]
Native frames: (J=compiled Java code, j=interpreted, Vv=VM code, C=native code)
V  [jvm.dll+0x681f8a]
V  [jvm.dll+0x83e374]
V  [jvm.dll+0x83fb1e]
V  [jvm.dll+0x840183]
V  [jvm.dll+0x2492a5]
V  [jvm.dll+0x67ee59]
V  [jvm.dll+0x67355a]
V  [jvm.dll+0x308fab]
V  [jvm.dll+0x310466]
V  [jvm.dll+0x3601de]
V  [jvm.dll+0x36040f]
V  [jvm.dll+0x2df098]
V  [jvm.dll+0x2e0004]
V  [jvm.dll+0x80fc61]
V  [jvm.dll+0x36df61]
V  [jvm.dll+0x7ef17c]
V  [jvm.dll+0x3f10ef]
V  [jvm.dll+0x3f2c31]
C  [jli.dll+0x526b]
C  [ucrtbase.dll+0x21bb2]
C  [KERNEL32.DLL+0x17034]
C  [ntdll.dll+0x52651]


---------------  P R O C E S S  ---------------

Threads class SMR info:
_java_thread_list=0x00007ff942ff6f18, length=0, elements={
}

Java Threads: ( => current thread )

Other Threads:
  0x0000018c1359f860 GCTaskThread "GC Thread#0" [stack: 0x000000061fc00000,0x000000061fd00000] [id=26064]
  0x0000018c135a6560 ConcurrentGCThread "G1 Main Marker" [stack: 0x000000061fd00000,0x000000061fe00000] [id=26060]
  0x0000018c135a6f70 ConcurrentGCThread "G1 Conc#0" [stack: 0x000000061fe00000,0x000000061ff00000] [id=25944]

[error occurred during error reporting (printing all threads), id 0xc0000005, EXCEPTION_ACCESS_VIOLATION (0xc0000005) at pc=0x00007ff9427afc57]

VM state: not at safepoint (not fully initialized)

VM Mutex/Monitor currently owned by a thread:  ([mutex/lock_event])
[0x0000018c13565760] Heap_lock - owner thread: 0x0000018c1356c940

Heap address: 0x00000000d1200000, size: 750 MB, Compressed Oops mode: 32-bit

CDS archive(s) mapped at: [0x0000000000000000-0x0000000000000000-0x0000000000000000), size 0, SharedBaseAddress: 0x0000000800000000, ArchiveRelocationMode: 0.
Narrow klass base: 0x0000000000000000, Narrow klass shift: 0, Narrow klass range: 0x0

GC Precious Log:
<Empty>

Heap:
 garbage-first heap   total 0K, used 0K [0x00000000d1200000, 0x0000000100000000)
  region size 1024K, 0 young (0K), 0 survivors (0K)

[error occurred during error reporting (printing heap information), id 0xc0000005, EXCEPTION_ACCESS_VIOLATION (0xc0000005) at pc=0x00007ff942b9bbd9]

GC Heap History (0 events):
No events

Deoptimization events (0 events):
No events

Classes unloaded (0 events):
No events

Classes redefined (0 events):
No events

Internal exceptions (0 events):
No events

VM Operations (0 events):
No events

Events (1 events):
Event: 0.088 Loaded shared library C:\Program Files\JetBrains\IntelliJ IDEA 2022.2\jbr\bin\java.dll


Dynamic libraries:
0x00007ff6a88f0000 - 0x00007ff6a88fa000 	C:\Program Files\JetBrains\IntelliJ IDEA 2022.2\jbr\bin\java.exe
0x00007ff99ce50000 - 0x00007ff99d048000 	C:\Windows\SYSTEM32\ntdll.dll
0x00007ff99c0e0000 - 0x00007ff99c19d000 	C:\Windows\System32\KERNEL32.DLL
0x00007ff99a810000 - 0x00007ff99aade000 	C:\Windows\System32\KERNELBASE.dll
0x00007ff99a5a0000 - 0x00007ff99a6a0000 	C:\Windows\System32\ucrtbase.dll
0x00007ff978550000 - 0x00007ff978567000 	C:\Program Files\JetBrains\IntelliJ IDEA 2022.2\jbr\bin\jli.dll
0x00007ff978500000 - 0x00007ff97851b000 	C:\Program Files\JetBrains\IntelliJ IDEA 2022.2\jbr\bin\VCRUNTIME140.dll
0x00007ff99c350000 - 0x00007ff99c4f0000 	C:\Windows\System32\USER32.dll
0x00007ff9845f0000 - 0x00007ff98488a000 	C:\Windows\WinSxS\amd64_microsoft.windows.common-controls_6595b64144ccf1df_6.0.19041.1110_none_60b5254171f9507e\COMCTL32.dll
0x00007ff99b260000 - 0x00007ff99b2fe000 	C:\Windows\System32\msvcrt.dll
0x00007ff99aeb0000 - 0x00007ff99aeda000 	C:\Windows\System32\GDI32.dll
0x00007ff99a570000 - 0x00007ff99a592000 	C:\Windows\System32\win32u.dll
0x00007ff99ab80000 - 0x00007ff99ac8b000 	C:\Windows\System32\gdi32full.dll
0x00007ff99aae0000 - 0x00007ff99ab7d000 	C:\Windows\System32\msvcp_win.dll
0x00007ff99aee0000 - 0x00007ff99af10000 	C:\Windows\System32\IMM32.DLL
0x00007ff991610000 - 0x00007ff99161c000 	C:\Program Files\JetBrains\IntelliJ IDEA 2022.2\jbr\bin\vcruntime140_1.dll
0x00007ff970c10000 - 0x00007ff970c9d000 	C:\Program Files\JetBrains\IntelliJ IDEA 2022.2\jbr\bin\msvcp140.dll
0x00007ff9424c0000 - 0x00007ff943128000 	C:\Program Files\JetBrains\IntelliJ IDEA 2022.2\jbr\bin\server\jvm.dll
0x00007ff99c510000 - 0x00007ff99c5be000 	C:\Windows\System32\ADVAPI32.dll
0x00007ff99c620000 - 0x00007ff99c6bc000 	C:\Windows\System32\sechost.dll
0x00007ff99b040000 - 0x00007ff99b165000 	C:\Windows\System32\RPCRT4.dll
0x00007ff99bf70000 - 0x00007ff99bf78000 	C:\Windows\System32\PSAPI.DLL
0x00007ff989ac0000 - 0x00007ff989ae7000 	C:\Windows\SYSTEM32\WINMM.dll
0x00007ff98a340000 - 0x00007ff98a349000 	C:\Windows\SYSTEM32\WSOCK32.dll
0x00007ff98cb20000 - 0x00007ff98cb2a000 	C:\Windows\SYSTEM32\VERSION.dll
0x00007ff99be10000 - 0x00007ff99be7b000 	C:\Windows\System32\WS2_32.dll
0x00007ff998430000 - 0x00007ff998442000 	C:\Windows\SYSTEM32\kernel.appcore.dll
0x00007ff991ac0000 - 0x00007ff991aca000 	C:\Program Files\JetBrains\IntelliJ IDEA 2022.2\jbr\bin\jimage.dll
0x00007ff994460000 - 0x00007ff994644000 	C:\Windows\SYSTEM32\DBGHELP.DLL
0x00007ff98bcc0000 - 0x00007ff98bcec000 	C:\Windows\SYSTEM32\dbgcore.DLL
0x00007ff99ac90000 - 0x00007ff99ad12000 	C:\Windows\System32\bcryptPrimitives.dll
0x00007ff991950000 - 0x00007ff991975000 	C:\Program Files\JetBrains\IntelliJ IDEA 2022.2\jbr\bin\java.dll

dbghelp: loaded successfully - version: 4.0.5 - missing functions: none
symbol engine: initialized successfully - sym options: 0x614 - pdb path: .;C:\Program Files\JetBrains\IntelliJ IDEA 2022.2\jbr\bin;C:\Windows\SYSTEM32;C:\Windows\WinSxS\amd64_microsoft.windows.common-controls_6595b64144ccf1df_6.0.19041.1110_none_60b5254171f9507e;C:\Program Files\JetBrains\IntelliJ IDEA 2022.2\jbr\bin\server

VM Arguments:
jvm_args: -Djava.rmi.server.hostname=127.0.0.1 -Duser.timezone=UTC -Xmx750m -Xms128m -XX:+IgnoreUnrecognizedVMOptions --add-opens=jdk.unsupported/sun.misc=ALL-UNNAMED --add-opens=java.base/java.nio=ALL-UNNAMED -Dfile.encoding=UTF-8 
java_command: com.intellij.database.remote.RemoteJdbcServer com.mysql.cj.jdbc.Driver
java_class_path (initial): C:\Program Files\JetBrains\IntelliJ IDEA 2022.2\lib\util_rt.jar;C:\Program Files\JetBrains\IntelliJ IDEA 2022.2\lib\util.jar;C:\Program Files\JetBrains\IntelliJ IDEA 2022.2\lib\groovy.jar;C:\Program Files\JetBrains\IntelliJ IDEA 2022.2\plugins\DatabaseTools\lib\jdbc-console.jar;C:\Users\renan\AppData\Roaming\JetBrains\IntelliJIdea2022.2\jdbc-drivers\MySQL ConnectorJ\8.0.25\mysql-connector-java-8.0.25.jar
Launcher Type: SUN_STANDARD

[Global flags]
     intx CICompilerCount                          = 3                                         {product} {ergonomic}
     uint ConcGCThreads                            = 1                                         {product} {ergonomic}
     uint G1ConcRefinementThreads                  = 4                                         {product} {ergonomic}
   size_t G1HeapRegionSize                         = 1048576                                   {product} {ergonomic}
    uintx GCDrainStackTargetSize                   = 64                                        {product} {ergonomic}
     bool IgnoreUnrecognizedVMOptions              = true                                      {product} {command line}
   size_t InitialHeapSize                          = 134217728                                 {product} {command line}
   size_t MarkStackSize                            = 4194304                                   {product} {ergonomic}
   size_t MaxHeapSize                              = 786432000                                 {product} {command line}
   size_t MinHeapDeltaBytes                        = 1048576                                   {product} {ergonomic}
   size_t MinHeapSize                              = 134217728                                 {product} {command line}
    uintx NonNMethodCodeHeapSize                   = 5832780                                {pd product} {ergonomic}
    uintx NonProfiledCodeHeapSize                  = 122912730                              {pd product} {ergonomic}
    uintx ProfiledCodeHeapSize                     = 122912730                              {pd product} {ergonomic}
    uintx ReservedCodeCacheSize                    = 251658240                              {pd product} {ergonomic}
     bool SegmentedCodeCache                       = true                                      {product} {ergonomic}
   size_t SoftMaxHeapSize                          = 786432000                              {manageable} {ergonomic}
     bool UseCompressedClassPointers               = true                           {product lp64_product} {ergonomic}
     bool UseCompressedOops                        = true                           {product lp64_product} {ergonomic}
     bool UseG1GC                                  = true                                      {product} {ergonomic}
     bool UseLargePagesIndividualAllocation        = false                                  {pd product} {ergonomic}

Logging:
Log output configuration:
 #0: stdout all=warning uptime,level,tags
 #1: stderr all=off uptime,level,tags

Environment Variables:
PATH=C:\Program Files\Eclipse Adoptium\jdk-17.0.3.7-hotspot\bin;C:\Program Files (x86)\Common Files\Oracle\Java\javapath;C:\Windows\system32;C:\Windows;C:\Windows\System32\Wbem;C:\Windows\System32\WindowsPowerShell\v1.0\;C:\Windows\System32\OpenSSH\;C:\Program Files\Docker\Docker\resources\bin;C:\ProgramData\DockerDesktop\version-bin;C:\Users\renan\AppData\Local\Microsoft\WindowsApps
USERNAME=renan
OS=Windows_NT
PROCESSOR_IDENTIFIER=Intel64 Family 6 Model 76 Stepping 4, GenuineIntel



---------------  S Y S T E M  ---------------

OS:
 Windows 10 , 64 bit Build 19041 (10.0.19041.1889)
OS uptime: 0 days 3:05 hours
Hyper-V role detected

CPU: total 4 (initial active 4) (4 cores per cpu, 1 threads per core) family 6 model 76 stepping 4 microcode 0x411, cx8, cmov, fxsr, mmx, 3dnowpref, sse, sse2, sse3, ssse3, sse4.1, sse4.2, popcnt, tsc, tscinvbit, aes, erms, clmul, clflush, hv

Memory: 4k page, system-wide physical 3923M (70M free)
TotalPageFile size 11225M (AvailPageFile size 100M)
current process WorkingSet (physical memory assigned to process): 10M, peak: 10M
current process commit charge ("private bytes"): 51M, peak: 179M

vm_info: OpenJDK 64-Bit Server VM (17.0.3+7-b469.32) for windows-amd64 JRE (17.0.3+7-b469.32), built on 2022-07-19 by "builduser" with MS VC++ 16.10 / 16.11 (VS2019)

END.
